[0.164s] DEBUG:colcon:Command line arguments: ['/usr/bin/colcon', 'build']
[0.164s] DEBUG:colcon:Parsed command line arguments: Namespace(log_base=None, log_level=None, verb_name='build', build_base='build', install_base='install', merge_install=False, symlink_install=False, test_result_base=None, continue_on_error=False, executor='parallel', parallel_workers=12, event_handlers=None, ignore_user_meta=False, metas=['./colcon.meta'], base_paths=['.'], packages_ignore=None, packages_ignore_regex=None, paths=None, packages_up_to=None, packages_up_to_regex=None, packages_above=None, packages_above_and_dependencies=None, packages_above_depth=None, packages_select_by_dep=None, packages_skip_by_dep=None, packages_skip_up_to=None, packages_select_build_failed=False, packages_skip_build_finished=False, packages_select_test_failures=False, packages_skip_test_passed=False, packages_select=None, packages_skip=None, packages_select_regex=None, packages_skip_regex=None, packages_start=None, packages_end=None, allow_overriding=[], cmake_args=None, cmake_target=None, cmake_target_skip_unavailable=False, cmake_clean_cache=False, cmake_clean_first=False, cmake_force_configure=False, ament_cmake_args=None, catkin_cmake_args=None, catkin_skip_building_tests=False, verb_parser=<colcon_defaults.argument_parser.defaults.DefaultArgumentsDecorator object at 0x7f768d21bc10>, verb_extension=<colcon_core.verb.build.BuildVerb object at 0x7f768d21b7c0>, main=<bound method BuildVerb.main of <colcon_core.verb.build.BuildVerb object at 0x7f768d21b7c0>>)
[0.372s] Level 1:colcon.colcon_core.package_discovery:discover_packages(colcon_meta) check parameters
[0.372s] Level 1:colcon.colcon_core.package_discovery:discover_packages(recursive) check parameters
[0.372s] Level 1:colcon.colcon_core.package_discovery:discover_packages(ignore) check parameters
[0.372s] Level 1:colcon.colcon_core.package_discovery:discover_packages(path) check parameters
[0.372s] Level 1:colcon.colcon_core.package_discovery:discover_packages(colcon_meta) discover
[0.373s] Level 1:colcon.colcon_core.package_discovery:discover_packages(recursive) discover
[0.373s] INFO:colcon.colcon_core.package_discovery:Crawling recursively for packages in '/home/ridwan/alamak_gazebo/src'
[0.373s] Level 1:colcon.colcon_core.package_identification:_identify(.) by extensions ['ignore', 'ignore_ament_install']
[0.373s] Level 1:colcon.colcon_core.package_identification:_identify(.) by extension 'ignore'
[0.373s] Level 1:colcon.colcon_core.package_identification:_identify(.) by extension 'ignore_ament_install'
[0.373s] Level 1:colcon.colcon_core.package_identification:_identify(.) by extensions ['colcon_pkg']
[0.373s] Level 1:colcon.colcon_core.package_identification:_identify(.) by extension 'colcon_pkg'
[0.373s] Level 1:colcon.colcon_core.package_identification:_identify(.) by extensions ['colcon_meta']
[0.373s] Level 1:colcon.colcon_core.package_identification:_identify(.) by extension 'colcon_meta'
[0.373s] Level 1:colcon.colcon_core.package_identification:_identify(.) by extensions ['ros']
[0.374s] Level 1:colcon.colcon_core.package_identification:_identify(.) by extension 'ros'
[0.392s] Level 1:colcon.colcon_core.package_identification:_identify(.) by extensions ['cmake', 'python']
[0.392s] Level 1:colcon.colcon_core.package_identification:_identify(.) by extension 'cmake'
[0.392s] Level 1:colcon.colcon_core.package_identification:_identify(.) by extension 'python'
[0.392s] Level 1:colcon.colcon_core.package_identification:_identify(.) by extensions ['python_setup_py']
[0.392s] Level 1:colcon.colcon_core.package_identification:_identify(.) by extension 'python_setup_py'
[0.392s] Level 1:colcon.colcon_core.package_identification:_identify(build) by extensions ['ignore', 'ignore_ament_install']
[0.392s] Level 1:colcon.colcon_core.package_identification:_identify(build) by extension 'ignore'
[0.392s] Level 1:colcon.colcon_core.package_identification:_identify(build) ignored
[0.392s] Level 1:colcon.colcon_core.package_identification:_identify(home) by extensions ['ignore', 'ignore_ament_install']
[0.392s] Level 1:colcon.colcon_core.package_identification:_identify(home) by extension 'ignore'
[0.392s] Level 1:colcon.colcon_core.package_identification:_identify(home) by extension 'ignore_ament_install'
[0.393s] Level 1:colcon.colcon_core.package_identification:_identify(home) by extensions ['colcon_pkg']
[0.393s] Level 1:colcon.colcon_core.package_identification:_identify(home) by extension 'colcon_pkg'
[0.393s] Level 1:colcon.colcon_core.package_identification:_identify(home) by extensions ['colcon_meta']
[0.393s] Level 1:colcon.colcon_core.package_identification:_identify(home) by extension 'colcon_meta'
[0.393s] Level 1:colcon.colcon_core.package_identification:_identify(home) by extensions ['ros']
[0.393s] Level 1:colcon.colcon_core.package_identification:_identify(home) by extension 'ros'
[0.393s] Level 1:colcon.colcon_core.package_identification:_identify(home) by extensions ['cmake', 'python']
[0.393s] Level 1:colcon.colcon_core.package_identification:_identify(home) by extension 'cmake'
[0.393s] Level 1:colcon.colcon_core.package_identification:_identify(home) by extension 'python'
[0.393s] Level 1:colcon.colcon_core.package_identification:_identify(home) by extensions ['python_setup_py']
[0.393s] Level 1:colcon.colcon_core.package_identification:_identify(home) by extension 'python_setup_py'
[0.393s] Level 1:colcon.colcon_core.package_identification:_identify(home/ridwan) by extensions ['ignore', 'ignore_ament_install']
[0.393s] Level 1:colcon.colcon_core.package_identification:_identify(home/ridwan) by extension 'ignore'
[0.393s] Level 1:colcon.colcon_core.package_identification:_identify(home/ridwan) by extension 'ignore_ament_install'
[0.393s] Level 1:colcon.colcon_core.package_identification:_identify(home/ridwan) by extensions ['colcon_pkg']
[0.393s] Level 1:colcon.colcon_core.package_identification:_identify(home/ridwan) by extension 'colcon_pkg'
[0.393s] Level 1:colcon.colcon_core.package_identification:_identify(home/ridwan) by extensions ['colcon_meta']
[0.393s] Level 1:colcon.colcon_core.package_identification:_identify(home/ridwan) by extension 'colcon_meta'
[0.393s] Level 1:colcon.colcon_core.package_identification:_identify(home/ridwan) by extensions ['ros']
[0.394s] Level 1:colcon.colcon_core.package_identification:_identify(home/ridwan) by extension 'ros'
[0.394s] Level 1:colcon.colcon_core.package_identification:_identify(home/ridwan) by extensions ['cmake', 'python']
[0.394s] Level 1:colcon.colcon_core.package_identification:_identify(home/ridwan) by extension 'cmake'
[0.394s] Level 1:colcon.colcon_core.package_identification:_identify(home/ridwan) by extension 'python'
[0.394s] Level 1:colcon.colcon_core.package_identification:_identify(home/ridwan) by extensions ['python_setup_py']
[0.394s] Level 1:colcon.colcon_core.package_identification:_identify(home/ridwan) by extension 'python_setup_py'
[0.394s] Level 1:colcon.colcon_core.package_identification:_identify(install) by extensions ['ignore', 'ignore_ament_install']
[0.394s] Level 1:colcon.colcon_core.package_identification:_identify(install) by extension 'ignore'
[0.394s] Level 1:colcon.colcon_core.package_identification:_identify(install) ignored
[0.394s] Level 1:colcon.colcon_core.package_identification:_identify(log) by extensions ['ignore', 'ignore_ament_install']
[0.394s] Level 1:colcon.colcon_core.package_identification:_identify(log) by extension 'ignore'
[0.394s] Level 1:colcon.colcon_core.package_identification:_identify(log) ignored
[0.394s] Level 1:colcon.colcon_core.package_identification:_identify(simulasi-2026) by extensions ['ignore', 'ignore_ament_install']
[0.394s] Level 1:colcon.colcon_core.package_identification:_identify(simulasi-2026) by extension 'ignore'
[0.394s] Level 1:colcon.colcon_core.package_identification:_identify(simulasi-2026) by extension 'ignore_ament_install'
[0.395s] Level 1:colcon.colcon_core.package_identification:_identify(simulasi-2026) by extensions ['colcon_pkg']
[0.395s] Level 1:colcon.colcon_core.package_identification:_identify(simulasi-2026) by extension 'colcon_pkg'
[0.395s] Level 1:colcon.colcon_core.package_identification:_identify(simulasi-2026) by extensions ['colcon_meta']
[0.395s] Level 1:colcon.colcon_core.package_identification:_identify(simulasi-2026) by extension 'colcon_meta'
[0.395s] Level 1:colcon.colcon_core.package_identification:_identify(simulasi-2026) by extensions ['ros']
[0.395s] Level 1:colcon.colcon_core.package_identification:_identify(simulasi-2026) by extension 'ros'
[0.399s] DEBUG:colcon.colcon_core.package_identification:Package 'simulasi-2026' with type 'ros.ament_cmake' and name 'simulasi-2026'
[0.400s] Level 1:colcon.colcon_core.package_discovery:discover_packages(recursive) using defaults
[0.400s] Level 1:colcon.colcon_core.package_discovery:discover_packages(ignore) discover
[0.400s] Level 1:colcon.colcon_core.package_discovery:discover_packages(ignore) using defaults
[0.400s] Level 1:colcon.colcon_core.package_discovery:discover_packages(path) discover
[0.400s] Level 1:colcon.colcon_core.package_discovery:discover_packages(path) using defaults
[0.430s] Level 1:colcon.colcon_core.package_discovery:discover_packages(prefix_path) check parameters
[0.430s] Level 1:colcon.colcon_core.package_discovery:discover_packages(prefix_path) discover
[0.431s] DEBUG:colcon.colcon_installed_package_information.package_discovery:Found 1 installed packages in /home/ridwan/alamak_gazebo/install
[0.432s] DEBUG:colcon.colcon_installed_package_information.package_discovery:Found 1 installed packages in /home/ridwan/alamak_gazebo/src/install
[0.433s] DEBUG:colcon.colcon_installed_package_information.package_discovery:Found 305 installed packages in /opt/ros/humble
[0.458s] Level 1:colcon.colcon_core.package_discovery:discover_packages(prefix_path) using defaults
[0.507s] Level 5:colcon.colcon_core.verb:set package 'simulasi-2026' build argument 'cmake_args' from command line to 'None'
[0.507s] Level 5:colcon.colcon_core.verb:set package 'simulasi-2026' build argument 'cmake_target' from command line to 'None'
[0.507s] Level 5:colcon.colcon_core.verb:set package 'simulasi-2026' build argument 'cmake_target_skip_unavailable' from command line to 'False'
[0.507s] Level 5:colcon.colcon_core.verb:set package 'simulasi-2026' build argument 'cmake_clean_cache' from command line to 'False'
[0.507s] Level 5:colcon.colcon_core.verb:set package 'simulasi-2026' build argument 'cmake_clean_first' from command line to 'False'
[0.507s] Level 5:colcon.colcon_core.verb:set package 'simulasi-2026' build argument 'cmake_force_configure' from command line to 'False'
[0.507s] Level 5:colcon.colcon_core.verb:set package 'simulasi-2026' build argument 'ament_cmake_args' from command line to 'None'
[0.507s] Level 5:colcon.colcon_core.verb:set package 'simulasi-2026' build argument 'catkin_cmake_args' from command line to 'None'
[0.507s] Level 5:colcon.colcon_core.verb:set package 'simulasi-2026' build argument 'catkin_skip_building_tests' from command line to 'False'
[0.507s] DEBUG:colcon.colcon_core.verb:Building package 'simulasi-2026' with the following arguments: {'ament_cmake_args': None, 'build_base': '/home/ridwan/alamak_gazebo/src/build/simulasi-2026', 'catkin_cmake_args': None, 'catkin_skip_building_tests': False, 'cmake_args': None, 'cmake_clean_cache': False, 'cmake_clean_first': False, 'cmake_force_configure': False, 'cmake_target': None, 'cmake_target_skip_unavailable': False, 'install_base': '/home/ridwan/alamak_gazebo/src/install/simulasi-2026', 'merge_install': False, 'path': '/home/ridwan/alamak_gazebo/src/simulasi-2026', 'symlink_install': False, 'test_result_base': None}
[0.507s] INFO:colcon.colcon_core.executor:Executing jobs using 'parallel' executor
[0.509s] DEBUG:colcon.colcon_parallel_executor.executor.parallel:run_until_complete
[0.510s] INFO:colcon.colcon_ros.task.ament_cmake.build:Building ROS package in '/home/ridwan/alamak_gazebo/src/simulasi-2026' with build type 'ament_cmake'
[0.510s] INFO:colcon.colcon_cmake.task.cmake.build:Building CMake package in '/home/ridwan/alamak_gazebo/src/simulasi-2026'
[0.513s] INFO:colcon.colcon_core.plugin_system:Skipping extension 'colcon_core.shell.bat': Not used on non-Windows systems
[0.513s] INFO:colcon.colcon_core.shell:Skip shell extension 'powershell' for command environment: Not usable outside of PowerShell
[0.513s] DEBUG:colcon.colcon_core.shell:Skip shell extension 'dsv' for command environment
[0.528s] DEBUG:colcon.colcon_core.event_handler.log_command:Invoking command in '/home/ridwan/alamak_gazebo/src/build/simulasi-2026': CMAKE_PREFIX_PATH=${CMAKE_PREFIX_PATH}:/opt/ros/humble /usr/bin/cmake --build /home/ridwan/alamak_gazebo/src/build/simulasi-2026 -- -j12 -l12
[0.590s] DEBUG:colcon.colcon_core.event_handler.log_command:Invoked command in '/home/ridwan/alamak_gazebo/src/build/simulasi-2026' returned '0': CMAKE_PREFIX_PATH=${CMAKE_PREFIX_PATH}:/opt/ros/humble /usr/bin/cmake --build /home/ridwan/alamak_gazebo/src/build/simulasi-2026 -- -j12 -l12
[0.606s] DEBUG:colcon.colcon_core.event_handler.log_command:Invoking command in '/home/ridwan/alamak_gazebo/src/build/simulasi-2026': CMAKE_PREFIX_PATH=${CMAKE_PREFIX_PATH}:/opt/ros/humble /usr/bin/cmake --install /home/ridwan/alamak_gazebo/src/build/simulasi-2026
[0.623s] Level 1:colcon.colcon_core.environment:create_environment_scripts_only(simulasi-2026)
[0.623s] DEBUG:colcon.colcon_core.event_handler.log_command:Invoked command in '/home/ridwan/alamak_gazebo/src/build/simulasi-2026' returned '0': CMAKE_PREFIX_PATH=${CMAKE_PREFIX_PATH}:/opt/ros/humble /usr/bin/cmake --install /home/ridwan/alamak_gazebo/src/build/simulasi-2026
[0.626s] Level 1:colcon.colcon_core.environment:checking '/home/ridwan/alamak_gazebo/src/install/simulasi-2026' for CMake module files
[0.627s] Level 1:colcon.colcon_core.environment:checking '/home/ridwan/alamak_gazebo/src/install/simulasi-2026' for CMake config files
[0.628s] Level 1:colcon.colcon_core.shell:create_environment_hook('simulasi-2026', 'cmake_prefix_path')
[0.628s] INFO:colcon.colcon_core.shell:Creating environment hook '/home/ridwan/alamak_gazebo/src/install/simulasi-2026/share/simulasi-2026/hook/cmake_prefix_path.ps1'
[0.629s] INFO:colcon.colcon_core.shell:Creating environment descriptor '/home/ridwan/alamak_gazebo/src/install/simulasi-2026/share/simulasi-2026/hook/cmake_prefix_path.dsv'
[0.631s] INFO:colcon.colcon_core.shell:Creating environment hook '/home/ridwan/alamak_gazebo/src/install/simulasi-2026/share/simulasi-2026/hook/cmake_prefix_path.sh'
[0.632s] Level 1:colcon.colcon_core.environment:checking '/home/ridwan/alamak_gazebo/src/install/simulasi-2026/lib'
[0.633s] Level 1:colcon.colcon_core.environment:checking '/home/ridwan/alamak_gazebo/src/install/simulasi-2026/bin'
[0.633s] Level 1:colcon.colcon_core.environment:checking '/home/ridwan/alamak_gazebo/src/install/simulasi-2026/lib/pkgconfig/simulasi-2026.pc'
[0.634s] Level 1:colcon.colcon_core.environment:checking '/home/ridwan/alamak_gazebo/src/install/simulasi-2026/lib/python3.10/site-packages'
[0.634s] Level 1:colcon.colcon_core.environment:checking '/home/ridwan/alamak_gazebo/src/install/simulasi-2026/bin'
[0.635s] INFO:colcon.colcon_core.shell:Creating package script '/home/ridwan/alamak_gazebo/src/install/simulasi-2026/share/simulasi-2026/package.ps1'
[0.636s] INFO:colcon.colcon_core.shell:Creating package descriptor '/home/ridwan/alamak_gazebo/src/install/simulasi-2026/share/simulasi-2026/package.dsv'
[0.637s] INFO:colcon.colcon_core.shell:Creating package script '/home/ridwan/alamak_gazebo/src/install/simulasi-2026/share/simulasi-2026/package.sh'
[0.638s] INFO:colcon.colcon_core.shell:Creating package script '/home/ridwan/alamak_gazebo/src/install/simulasi-2026/share/simulasi-2026/package.bash'
[0.639s] INFO:colcon.colcon_core.shell:Creating package script '/home/ridwan/alamak_gazebo/src/install/simulasi-2026/share/simulasi-2026/package.zsh'
[0.640s] Level 1:colcon.colcon_core.environment:create_file_with_runtime_dependencies(/home/ridwan/alamak_gazebo/src/install/simulasi-2026/share/colcon-core/packages/simulasi-2026)
[0.641s] Level 1:colcon.colcon_core.environment:create_environment_scripts_only(simulasi-2026)
[0.641s] Level 1:colcon.colcon_core.environment:checking '/home/ridwan/alamak_gazebo/src/install/simulasi-2026' for CMake module files
[0.642s] Level 1:colcon.colcon_core.environment:checking '/home/ridwan/alamak_gazebo/src/install/simulasi-2026' for CMake config files
[0.642s] Level 1:colcon.colcon_core.shell:create_environment_hook('simulasi-2026', 'cmake_prefix_path')
[0.642s] INFO:colcon.colcon_core.shell:Creating environment hook '/home/ridwan/alamak_gazebo/src/install/simulasi-2026/share/simulasi-2026/hook/cmake_prefix_path.ps1'
[0.643s] INFO:colcon.colcon_core.shell:Creating environment descriptor '/home/ridwan/alamak_gazebo/src/install/simulasi-2026/share/simulasi-2026/hook/cmake_prefix_path.dsv'
[0.644s] INFO:colcon.colcon_core.shell:Creating environment hook '/home/ridwan/alamak_gazebo/src/install/simulasi-2026/share/simulasi-2026/hook/cmake_prefix_path.sh'
[0.644s] Level 1:colcon.colcon_core.environment:checking '/home/ridwan/alamak_gazebo/src/install/simulasi-2026/lib'
[0.645s] Level 1:colcon.colcon_core.environment:checking '/home/ridwan/alamak_gazebo/src/install/simulasi-2026/bin'
[0.645s] Level 1:colcon.colcon_core.environment:checking '/home/ridwan/alamak_gazebo/src/install/simulasi-2026/lib/pkgconfig/simulasi-2026.pc'
[0.645s] Level 1:colcon.colcon_core.environment:checking '/home/ridwan/alamak_gazebo/src/install/simulasi-2026/lib/python3.10/site-packages'
[0.645s] Level 1:colcon.colcon_core.environment:checking '/home/ridwan/alamak_gazebo/src/install/simulasi-2026/bin'
[0.646s] INFO:colcon.colcon_core.shell:Creating package script '/home/ridwan/alamak_gazebo/src/install/simulasi-2026/share/simulasi-2026/package.ps1'
[0.647s] INFO:colcon.colcon_core.shell:Creating package descriptor '/home/ridwan/alamak_gazebo/src/install/simulasi-2026/share/simulasi-2026/package.dsv'
[0.648s] INFO:colcon.colcon_core.shell:Creating package script '/home/ridwan/alamak_gazebo/src/install/simulasi-2026/share/simulasi-2026/package.sh'
[0.649s] INFO:colcon.colcon_core.shell:Creating package script '/home/ridwan/alamak_gazebo/src/install/simulasi-2026/share/simulasi-2026/package.bash'
[0.649s] INFO:colcon.colcon_core.shell:Creating package script '/home/ridwan/alamak_gazebo/src/install/simulasi-2026/share/simulasi-2026/package.zsh'
[0.650s] Level 1:colcon.colcon_core.environment:create_file_with_runtime_dependencies(/home/ridwan/alamak_gazebo/src/install/simulasi-2026/share/colcon-core/packages/simulasi-2026)
[0.651s] DEBUG:colcon.colcon_parallel_executor.executor.parallel:closing loop
[0.652s] DEBUG:colcon.colcon_parallel_executor.executor.parallel:loop closed
[0.652s] DEBUG:colcon.colcon_parallel_executor.executor.parallel:run_until_complete finished with '0'
[0.652s] DEBUG:colcon.colcon_core.event_reactor:joining thread
[0.664s] INFO:colcon.colcon_core.plugin_system:Skipping extension 'colcon_notification.desktop_notification.terminal_notifier': Not used on non-Darwin systems
[0.665s] INFO:colcon.colcon_core.plugin_system:Skipping extension 'colcon_notification.desktop_notification.win32': Not used on non-Windows systems
[0.665s] INFO:colcon.colcon_notification.desktop_notification:Sending desktop notification using 'notify2'
[0.689s] DEBUG:colcon.colcon_core.event_reactor:joined thread
[0.689s] INFO:colcon.colcon_core.shell:Creating prefix script '/home/ridwan/alamak_gazebo/src/install/local_setup.ps1'
[0.691s] INFO:colcon.colcon_core.shell:Creating prefix util module '/home/ridwan/alamak_gazebo/src/install/_local_setup_util_ps1.py'
[0.694s] INFO:colcon.colcon_core.shell:Creating prefix chain script '/home/ridwan/alamak_gazebo/src/install/setup.ps1'
[0.696s] INFO:colcon.colcon_core.shell:Creating prefix script '/home/ridwan/alamak_gazebo/src/install/local_setup.sh'
[0.697s] INFO:colcon.colcon_core.shell:Creating prefix util module '/home/ridwan/alamak_gazebo/src/install/_local_setup_util_sh.py'
[0.698s] INFO:colcon.colcon_core.shell:Creating prefix chain script '/home/ridwan/alamak_gazebo/src/install/setup.sh'
[0.700s] INFO:colcon.colcon_core.shell:Creating prefix script '/home/ridwan/alamak_gazebo/src/install/local_setup.bash'
[0.701s] INFO:colcon.colcon_core.shell:Creating prefix chain script '/home/ridwan/alamak_gazebo/src/install/setup.bash'
[0.702s] INFO:colcon.colcon_core.shell:Creating prefix script '/home/ridwan/alamak_gazebo/src/install/local_setup.zsh'
[0.703s] INFO:colcon.colcon_core.shell:Creating prefix chain script '/home/ridwan/alamak_gazebo/src/install/setup.zsh'
