[0.008s] Invoking command in '/home/ridwan/alamak_gazebo/src/build/simulasi-2026': CMAKE_PREFIX_PATH=/opt/ros/humble /usr/bin/cmake /home/ridwan/alamak_gazebo/src/simulasi-2026 -DCMAKE_INSTALL_PREFIX=/home/ridwan/alamak_gazebo/src/install/simulasi-2026
[0.062s] -- The C compiler identification is GNU 11.4.0
[0.108s] -- The CXX compiler identification is GNU 11.4.0
[0.114s] -- Detecting C compiler ABI info
[0.170s] -- Detecting C compiler ABI info - done
[0.175s] -- Check for working C compiler: /usr/bin/cc - skipped
[0.175s] -- Detecting C compile features
[0.175s] -- Detecting C compile features - done
[0.177s] -- Detecting CXX compiler ABI info
[0.242s] -- Detecting CXX compiler ABI info - done
[0.247s] -- Check for working CXX compiler: /usr/bin/c++ - skipped
[0.247s] -- Detecting CXX compile features
[0.247s] -- Detecting CXX compile features - done
[0.249s] -- Found ament_cmake: 1.3.12 (/opt/ros/humble/share/ament_cmake/cmake)
[0.362s] -- Found Python3: /usr/bin/python3 (found version "3.10.12") found components: Interpreter 
[0.440s] -- Found ament_lint_auto: 0.12.14 (/opt/ros/humble/share/ament_lint_auto/cmake)
[0.497s] -- Added test 'flake8' to check Python code syntax and style conventions
[0.497s] -- Added test 'lint_cmake' to check CMake code style
[0.498s] -- Added test 'pep257' to check Python code against some of the docstring style conventions in PEP 257
[0.500s] -- Added test 'xmllint' to check XML markup files
[0.501s] -- Configuring done
[0.502s] -- Generating done
[0.503s] -- Build files have been written to: /home/ridwan/alamak_gazebo/src/build/simulasi-2026
[0.507s] Invoked command in '/home/ridwan/alamak_gazebo/src/build/simulasi-2026' returned '0': CMAKE_PREFIX_PATH=/opt/ros/humble /usr/bin/cmake /home/ridwan/alamak_gazebo/src/simulasi-2026 -DCMAKE_INSTALL_PREFIX=/home/ridwan/alamak_gazebo/src/install/simulasi-2026
[0.509s] Invoking command in '/home/ridwan/alamak_gazebo/src/build/simulasi-2026': CMAKE_PREFIX_PATH=/opt/ros/humble /usr/bin/cmake --build /home/ridwan/alamak_gazebo/src/build/simulasi-2026 -- -j12 -l12
[0.540s] Invoked command in '/home/ridwan/alamak_gazebo/src/build/simulasi-2026' returned '0': CMAKE_PREFIX_PATH=/opt/ros/humble /usr/bin/cmake --build /home/ridwan/alamak_gazebo/src/build/simulasi-2026 -- -j12 -l12
[0.550s] Invoking command in '/home/ridwan/alamak_gazebo/src/build/simulasi-2026': CMAKE_PREFIX_PATH=/opt/ros/humble /usr/bin/cmake --install /home/ridwan/alamak_gazebo/src/build/simulasi-2026
[0.555s] -- Install configuration: ""
[0.555s] -- Installing: /home/ridwan/alamak_gazebo/src/install/simulasi-2026/share/simulasi-2026/launch
[0.555s] -- Installing: /home/ridwan/alamak_gazebo/src/install/simulasi-2026/share/simulasi-2026/launch/__pycache__
[0.555s] -- Installing: /home/ridwan/alamak_gazebo/src/install/simulasi-2026/share/simulasi-2026/launch/__pycache__/display.launch.cpython-310.pyc
[0.555s] -- Installing: /home/ridwan/alamak_gazebo/src/install/simulasi-2026/share/simulasi-2026/launch/display.launch.py
[0.555s] -- Installing: /home/ridwan/alamak_gazebo/src/install/simulasi-2026/share/simulasi-2026/rviz
[0.555s] -- Installing: /home/ridwan/alamak_gazebo/src/install/simulasi-2026/share/simulasi-2026/rviz/navigation.rviz
[0.555s] -- Installing: /home/ridwan/alamak_gazebo/src/install/simulasi-2026/share/simulasi-2026/rviz/urdf_config.rviz
[0.555s] -- Installing: /home/ridwan/alamak_gazebo/src/install/simulasi-2026/share/simulasi-2026/config
[0.555s] -- Installing: /home/ridwan/alamak_gazebo/src/install/simulasi-2026/share/simulasi-2026/config/nav2_params.yaml
[0.555s] -- Installing: /home/ridwan/alamak_gazebo/src/install/simulasi-2026/share/simulasi-2026/config/localization
[0.556s] -- Installing: /home/ridwan/alamak_gazebo/src/install/simulasi-2026/share/simulasi-2026/config/localization/ekf.yaml
[0.556s] -- Installing: /home/ridwan/alamak_gazebo/src/install/simulasi-2026/share/simulasi-2026/config/localization/online_async_slam.yaml
[0.556s] -- Installing: /home/ridwan/alamak_gazebo/src/install/simulasi-2026/share/simulasi-2026/config/ps4_teleop.yaml
[0.556s] -- Installing: /home/ridwan/alamak_gazebo/src/install/simulasi-2026/share/simulasi-2026/worlds
[0.556s] -- Installing: /home/ridwan/alamak_gazebo/src/install/simulasi-2026/share/simulasi-2026/worlds/my_world.sdf
[0.556s] -- Installing: /home/ridwan/alamak_gazebo/src/install/simulasi-2026/share/simulasi-2026/models
[0.556s] -- Installing: /home/ridwan/alamak_gazebo/src/install/simulasi-2026/share/simulasi-2026/models/lapangan
[0.556s] -- Installing: /home/ridwan/alamak_gazebo/src/install/simulasi-2026/share/simulasi-2026/models/lapangan/meshes
[0.556s] -- Installing: /home/ridwan/alamak_gazebo/src/install/simulasi-2026/share/simulasi-2026/models/lapangan/meshes/lapangan.stl
[0.556s] -- Installing: /home/ridwan/alamak_gazebo/src/install/simulasi-2026/share/simulasi-2026/models/lapangan/meshes/lapangan.dae
[0.559s] -- Installing: /home/ridwan/alamak_gazebo/src/install/simulasi-2026/share/simulasi-2026/models/lapangan/model.config
[0.559s] -- Installing: /home/ridwan/alamak_gazebo/src/install/simulasi-2026/share/simulasi-2026/models/lapangan/lapangan.sdf
[0.559s] -- Installing: /home/ridwan/alamak_gazebo/src/install/simulasi-2026/share/simulasi-2026/description
[0.559s] -- Installing: /home/ridwan/alamak_gazebo/src/install/simulasi-2026/share/simulasi-2026/description/diff_drive_description.urdf
[0.559s] -- Installing: /home/ridwan/alamak_gazebo/src/install/simulasi-2026/share/simulasi-2026/maps
[0.559s] -- Installing: /home/ridwan/alamak_gazebo/src/install/simulasi-2026/share/simulasi-2026/maps/mapkuh.pgm
[0.559s] -- Installing: /home/ridwan/alamak_gazebo/src/install/simulasi-2026/share/simulasi-2026/maps/mapku.posegraph
[0.574s] -- Installing: /home/ridwan/alamak_gazebo/src/install/simulasi-2026/share/simulasi-2026/maps/mapkuh.yaml
[0.574s] -- Installing: /home/ridwan/alamak_gazebo/src/install/simulasi-2026/share/simulasi-2026/maps/mapku.data
[0.574s] -- Installing: /home/ridwan/alamak_gazebo/src/install/simulasi-2026/share/simulasi-2026/environment/simulasi-2026.dsv
[0.574s] -- Installing: /home/ridwan/alamak_gazebo/src/install/simulasi-2026/share/simulasi-2026/environment/simulasi-2026.sh
[0.574s] -- Installing: /home/ridwan/alamak_gazebo/src/install/simulasi-2026/share/ament_index/resource_index/package_run_dependencies/simulasi-2026
[0.574s] -- Installing: /home/ridwan/alamak_gazebo/src/install/simulasi-2026/share/ament_index/resource_index/parent_prefix_path/simulasi-2026
[0.574s] -- Installing: /home/ridwan/alamak_gazebo/src/install/simulasi-2026/share/simulasi-2026/environment/ament_prefix_path.sh
[0.574s] -- Installing: /home/ridwan/alamak_gazebo/src/install/simulasi-2026/share/simulasi-2026/environment/ament_prefix_path.dsv
[0.574s] -- Installing: /home/ridwan/alamak_gazebo/src/install/simulasi-2026/share/simulasi-2026/environment/path.sh
[0.574s] -- Installing: /home/ridwan/alamak_gazebo/src/install/simulasi-2026/share/simulasi-2026/environment/path.dsv
[0.574s] -- Installing: /home/ridwan/alamak_gazebo/src/install/simulasi-2026/share/simulasi-2026/local_setup.bash
[0.574s] -- Installing: /home/ridwan/alamak_gazebo/src/install/simulasi-2026/share/simulasi-2026/local_setup.sh
[0.574s] -- Installing: /home/ridwan/alamak_gazebo/src/install/simulasi-2026/share/simulasi-2026/local_setup.zsh
[0.574s] -- Installing: /home/ridwan/alamak_gazebo/src/install/simulasi-2026/share/simulasi-2026/local_setup.dsv
[0.574s] -- Installing: /home/ridwan/alamak_gazebo/src/install/simulasi-2026/share/simulasi-2026/package.dsv
[0.574s] -- Installing: /home/ridwan/alamak_gazebo/src/install/simulasi-2026/share/ament_index/resource_index/packages/simulasi-2026
[0.574s] -- Installing: /home/ridwan/alamak_gazebo/src/install/simulasi-2026/share/simulasi-2026/cmake/simulasi-2026Config.cmake
[0.575s] -- Installing: /home/ridwan/alamak_gazebo/src/install/simulasi-2026/share/simulasi-2026/cmake/simulasi-2026Config-version.cmake
[0.575s] -- Installing: /home/ridwan/alamak_gazebo/src/install/simulasi-2026/share/simulasi-2026/package.xml
[0.576s] Invoked command in '/home/ridwan/alamak_gazebo/src/build/simulasi-2026' returned '0': CMAKE_PREFIX_PATH=/opt/ros/humble /usr/bin/cmake --install /home/ridwan/alamak_gazebo/src/build/simulasi-2026
