[0.138s] DEBUG:colcon:Command line arguments: ['/usr/bin/colcon', 'build', '--packages-select', 'simulasi-2026']
[0.138s] DEBUG:colcon:Parsed command line arguments: Namespace(log_base=None, log_level=None, verb_name='build', build_base='build', install_base='install', merge_install=False, symlink_install=False, test_result_base=None, continue_on_error=False, executor='parallel', parallel_workers=12, event_handlers=None, ignore_user_meta=False, metas=['./colcon.meta'], base_paths=['.'], packages_ignore=None, packages_ignore_regex=None, paths=None, packages_up_to=None, packages_up_to_regex=None, packages_above=None, packages_above_and_dependencies=None, packages_above_depth=None, packages_select_by_dep=None, packages_skip_by_dep=None, packages_skip_up_to=None, packages_select_build_failed=False, packages_skip_build_finished=False, packages_select_test_failures=False, packages_skip_test_passed=False, packages_select=['simulasi-2026'], packages_skip=None, packages_select_regex=None, packages_skip_regex=None, packages_start=None, packages_end=None, allow_overriding=[], cmake_args=None, cmake_target=None, cmake_target_skip_unavailable=False, cmake_clean_cache=False, cmake_clean_first=False, cmake_force_configure=False, ament_cmake_args=None, catkin_cmake_args=None, catkin_skip_building_tests=False, verb_parser=<colcon_defaults.argument_parser.defaults.DefaultArgumentsDecorator object at 0x76136c523c70>, verb_extension=<colcon_core.verb.build.BuildVerb object at 0x76136c523820>, main=<bound method BuildVerb.main of <colcon_core.verb.build.BuildVerb object at 0x76136c523820>>)
[0.309s] Level 1:colcon.colcon_core.package_discovery:discover_packages(colcon_meta) check parameters
[0.309s] Level 1:colcon.colcon_core.package_discovery:discover_packages(recursive) check parameters
[0.310s] Level 1:colcon.colcon_core.package_discovery:discover_packages(ignore) check parameters
[0.310s] Level 1:colcon.colcon_core.package_discovery:discover_packages(path) check parameters
[0.310s] Level 1:colcon.colcon_core.package_discovery:discover_packages(colcon_meta) discover
[0.310s] Level 1:colcon.colcon_core.package_discovery:discover_packages(recursive) discover
[0.310s] INFO:colcon.colcon_core.package_discovery:Crawling recursively for packages in '/home/ridwan/alamak_gazebo/src'
[0.310s] Level 1:colcon.colcon_core.package_identification:_identify(.) by extensions ['ignore', 'ignore_ament_install']
[0.310s] Level 1:colcon.colcon_core.package_identification:_identify(.) by extension 'ignore'
[0.310s] Level 1:colcon.colcon_core.package_identification:_identify(.) by extension 'ignore_ament_install'
[0.310s] Level 1:colcon.colcon_core.package_identification:_identify(.) by extensions ['colcon_pkg']
[0.310s] Level 1:colcon.colcon_core.package_identification:_identify(.) by extension 'colcon_pkg'
[0.310s] Level 1:colcon.colcon_core.package_identification:_identify(.) by extensions ['colcon_meta']
[0.310s] Level 1:colcon.colcon_core.package_identification:_identify(.) by extension 'colcon_meta'
[0.310s] Level 1:colcon.colcon_core.package_identification:_identify(.) by extensions ['ros']
[0.310s] Level 1:colcon.colcon_core.package_identification:_identify(.) by extension 'ros'
[0.325s] Level 1:colcon.colcon_core.package_identification:_identify(.) by extensions ['cmake', 'python']
[0.326s] Level 1:colcon.colcon_core.package_identification:_identify(.) by extension 'cmake'
[0.326s] Level 1:colcon.colcon_core.package_identification:_identify(.) by extension 'python'
[0.326s] Level 1:colcon.colcon_core.package_identification:_identify(.) by extensions ['python_setup_py']
[0.326s] Level 1:colcon.colcon_core.package_identification:_identify(.) by extension 'python_setup_py'
[0.326s] Level 1:colcon.colcon_core.package_identification:_identify(build) by extensions ['ignore', 'ignore_ament_install']
[0.326s] Level 1:colcon.colcon_core.package_identification:_identify(build) by extension 'ignore'
[0.326s] Level 1:colcon.colcon_core.package_identification:_identify(build) ignored
[0.326s] Level 1:colcon.colcon_core.package_identification:_identify(home) by extensions ['ignore', 'ignore_ament_install']
[0.326s] Level 1:colcon.colcon_core.package_identification:_identify(home) by extension 'ignore'
[0.326s] Level 1:colcon.colcon_core.package_identification:_identify(home) by extension 'ignore_ament_install'
[0.326s] Level 1:colcon.colcon_core.package_identification:_identify(home) by extensions ['colcon_pkg']
[0.326s] Level 1:colcon.colcon_core.package_identification:_identify(home) by extension 'colcon_pkg'
[0.326s] Level 1:colcon.colcon_core.package_identification:_identify(home) by extensions ['colcon_meta']
[0.326s] Level 1:colcon.colcon_core.package_identification:_identify(home) by extension 'colcon_meta'
[0.326s] Level 1:colcon.colcon_core.package_identification:_identify(home) by extensions ['ros']
[0.326s] Level 1:colcon.colcon_core.package_identification:_identify(home) by extension 'ros'
[0.326s] Level 1:colcon.colcon_core.package_identification:_identify(home) by extensions ['cmake', 'python']
[0.326s] Level 1:colcon.colcon_core.package_identification:_identify(home) by extension 'cmake'
[0.327s] Level 1:colcon.colcon_core.package_identification:_identify(home) by extension 'python'
[0.327s] Level 1:colcon.colcon_core.package_identification:_identify(home) by extensions ['python_setup_py']
[0.327s] Level 1:colcon.colcon_core.package_identification:_identify(home) by extension 'python_setup_py'
[0.327s] Level 1:colcon.colcon_core.package_identification:_identify(home/ridwan) by extensions ['ignore', 'ignore_ament_install']
[0.327s] Level 1:colcon.colcon_core.package_identification:_identify(home/ridwan) by extension 'ignore'
[0.327s] Level 1:colcon.colcon_core.package_identification:_identify(home/ridwan) by extension 'ignore_ament_install'
[0.327s] Level 1:colcon.colcon_core.package_identification:_identify(home/ridwan) by extensions ['colcon_pkg']
[0.327s] Level 1:colcon.colcon_core.package_identification:_identify(home/ridwan) by extension 'colcon_pkg'
[0.327s] Level 1:colcon.colcon_core.package_identification:_identify(home/ridwan) by extensions ['colcon_meta']
[0.327s] Level 1:colcon.colcon_core.package_identification:_identify(home/ridwan) by extension 'colcon_meta'
[0.327s] Level 1:colcon.colcon_core.package_identification:_identify(home/ridwan) by extensions ['ros']
[0.327s] Level 1:colcon.colcon_core.package_identification:_identify(home/ridwan) by extension 'ros'
[0.327s] Level 1:colcon.colcon_core.package_identification:_identify(home/ridwan) by extensions ['cmake', 'python']
[0.327s] Level 1:colcon.colcon_core.package_identification:_identify(home/ridwan) by extension 'cmake'
[0.327s] Level 1:colcon.colcon_core.package_identification:_identify(home/ridwan) by extension 'python'
[0.327s] Level 1:colcon.colcon_core.package_identification:_identify(home/ridwan) by extensions ['python_setup_py']
[0.327s] Level 1:colcon.colcon_core.package_identification:_identify(home/ridwan) by extension 'python_setup_py'
[0.327s] Level 1:colcon.colcon_core.package_identification:_identify(install) by extensions ['ignore', 'ignore_ament_install']
[0.327s] Level 1:colcon.colcon_core.package_identification:_identify(install) by extension 'ignore'
[0.327s] Level 1:colcon.colcon_core.package_identification:_identify(install) ignored
[0.327s] Level 1:colcon.colcon_core.package_identification:_identify(log) by extensions ['ignore', 'ignore_ament_install']
[0.327s] Level 1:colcon.colcon_core.package_identification:_identify(log) by extension 'ignore'
[0.328s] Level 1:colcon.colcon_core.package_identification:_identify(log) ignored
[0.328s] Level 1:colcon.colcon_core.package_identification:_identify(simulasi-2026) by extensions ['ignore', 'ignore_ament_install']
[0.328s] Level 1:colcon.colcon_core.package_identification:_identify(simulasi-2026) by extension 'ignore'
[0.328s] Level 1:colcon.colcon_core.package_identification:_identify(simulasi-2026) by extension 'ignore_ament_install'
[0.328s] Level 1:colcon.colcon_core.package_identification:_identify(simulasi-2026) by extensions ['colcon_pkg']
[0.328s] Level 1:colcon.colcon_core.package_identification:_identify(simulasi-2026) by extension 'colcon_pkg'
[0.328s] Level 1:colcon.colcon_core.package_identification:_identify(simulasi-2026) by extensions ['colcon_meta']
[0.328s] Level 1:colcon.colcon_core.package_identification:_identify(simulasi-2026) by extension 'colcon_meta'
[0.328s] Level 1:colcon.colcon_core.package_identification:_identify(simulasi-2026) by extensions ['ros']
[0.328s] Level 1:colcon.colcon_core.package_identification:_identify(simulasi-2026) by extension 'ros'
[0.332s] DEBUG:colcon.colcon_core.package_identification:Package 'simulasi-2026' with type 'ros.ament_cmake' and name 'simulasi-2026'
[0.332s] Level 1:colcon.colcon_core.package_discovery:discover_packages(recursive) using defaults
[0.333s] Level 1:colcon.colcon_core.package_discovery:discover_packages(ignore) discover
[0.333s] Level 1:colcon.colcon_core.package_discovery:discover_packages(ignore) using defaults
[0.333s] Level 1:colcon.colcon_core.package_discovery:discover_packages(path) discover
[0.333s] Level 1:colcon.colcon_core.package_discovery:discover_packages(path) using defaults
[0.378s] Level 1:colcon.colcon_core.package_discovery:discover_packages(prefix_path) check parameters
[0.378s] Level 1:colcon.colcon_core.package_discovery:discover_packages(prefix_path) discover
[0.381s] DEBUG:colcon.colcon_installed_package_information.package_discovery:Found 305 installed packages in /opt/ros/humble
[0.383s] Level 1:colcon.colcon_core.package_discovery:discover_packages(prefix_path) using defaults
[0.431s] Level 5:colcon.colcon_core.verb:set package 'simulasi-2026' build argument 'cmake_args' from command line to 'None'
[0.432s] Level 5:colcon.colcon_core.verb:set package 'simulasi-2026' build argument 'cmake_target' from command line to 'None'
[0.432s] Level 5:colcon.colcon_core.verb:set package 'simulasi-2026' build argument 'cmake_target_skip_unavailable' from command line to 'False'
[0.432s] Level 5:colcon.colcon_core.verb:set package 'simulasi-2026' build argument 'cmake_clean_cache' from command line to 'False'
[0.432s] Level 5:colcon.colcon_core.verb:set package 'simulasi-2026' build argument 'cmake_clean_first' from command line to 'False'
[0.432s] Level 5:colcon.colcon_core.verb:set package 'simulasi-2026' build argument 'cmake_force_configure' from command line to 'False'
[0.432s] Level 5:colcon.colcon_core.verb:set package 'simulasi-2026' build argument 'ament_cmake_args' from command line to 'None'
[0.432s] Level 5:colcon.colcon_core.verb:set package 'simulasi-2026' build argument 'catkin_cmake_args' from command line to 'None'
[0.432s] Level 5:colcon.colcon_core.verb:set package 'simulasi-2026' build argument 'catkin_skip_building_tests' from command line to 'False'
[0.432s] DEBUG:colcon.colcon_core.verb:Building package 'simulasi-2026' with the following arguments: {'ament_cmake_args': None, 'build_base': '/home/ridwan/alamak_gazebo/src/build/simulasi-2026', 'catkin_cmake_args': None, 'catkin_skip_building_tests': False, 'cmake_args': None, 'cmake_clean_cache': False, 'cmake_clean_first': False, 'cmake_force_configure': False, 'cmake_target': None, 'cmake_target_skip_unavailable': False, 'install_base': '/home/ridwan/alamak_gazebo/src/install/simulasi-2026', 'merge_install': False, 'path': '/home/ridwan/alamak_gazebo/src/simulasi-2026', 'symlink_install': False, 'test_result_base': None}
[0.432s] INFO:colcon.colcon_core.executor:Executing jobs using 'parallel' executor
[0.434s] DEBUG:colcon.colcon_parallel_executor.executor.parallel:run_until_complete
[0.434s] INFO:colcon.colcon_ros.task.ament_cmake.build:Building ROS package in '/home/ridwan/alamak_gazebo/src/simulasi-2026' with build type 'ament_cmake'
[0.434s] INFO:colcon.colcon_cmake.task.cmake.build:Building CMake package in '/home/ridwan/alamak_gazebo/src/simulasi-2026'
[0.437s] INFO:colcon.colcon_core.plugin_system:Skipping extension 'colcon_core.shell.bat': Not used on non-Windows systems
[0.437s] INFO:colcon.colcon_core.shell:Skip shell extension 'powershell' for command environment: Not usable outside of PowerShell
[0.437s] DEBUG:colcon.colcon_core.shell:Skip shell extension 'dsv' for command environment
[0.454s] DEBUG:colcon.colcon_core.event_handler.log_command:Invoking command in '/home/ridwan/alamak_gazebo/src/build/simulasi-2026': CMAKE_PREFIX_PATH=/opt/ros/humble /usr/bin/cmake --build /home/ridwan/alamak_gazebo/src/build/simulasi-2026 -- -j12 -l12
[0.513s] DEBUG:colcon.colcon_core.event_handler.log_command:Invoked command in '/home/ridwan/alamak_gazebo/src/build/simulasi-2026' returned '0': CMAKE_PREFIX_PATH=/opt/ros/humble /usr/bin/cmake --build /home/ridwan/alamak_gazebo/src/build/simulasi-2026 -- -j12 -l12
[0.529s] DEBUG:colcon.colcon_core.event_handler.log_command:Invoking command in '/home/ridwan/alamak_gazebo/src/build/simulasi-2026': CMAKE_PREFIX_PATH=/opt/ros/humble /usr/bin/cmake --install /home/ridwan/alamak_gazebo/src/build/simulasi-2026
[0.546s] Level 1:colcon.colcon_core.environment:create_environment_scripts_only(simulasi-2026)
[0.547s] DEBUG:colcon.colcon_core.event_handler.log_command:Invoked command in '/home/ridwan/alamak_gazebo/src/build/simulasi-2026' returned '0': CMAKE_PREFIX_PATH=/opt/ros/humble /usr/bin/cmake --install /home/ridwan/alamak_gazebo/src/build/simulasi-2026
[0.553s] Level 1:colcon.colcon_core.environment:checking '/home/ridwan/alamak_gazebo/src/install/simulasi-2026' for CMake module files
[0.554s] Level 1:colcon.colcon_core.environment:checking '/home/ridwan/alamak_gazebo/src/install/simulasi-2026' for CMake config files
[0.554s] Level 1:colcon.colcon_core.shell:create_environment_hook('simulasi-2026', 'cmake_prefix_path')
[0.554s] INFO:colcon.colcon_core.shell:Creating environment hook '/home/ridwan/alamak_gazebo/src/install/simulasi-2026/share/simulasi-2026/hook/cmake_prefix_path.ps1'
[0.555s] INFO:colcon.colcon_core.shell:Creating environment descriptor '/home/ridwan/alamak_gazebo/src/install/simulasi-2026/share/simulasi-2026/hook/cmake_prefix_path.dsv'
[0.556s] INFO:colcon.colcon_core.shell:Creating environment hook '/home/ridwan/alamak_gazebo/src/install/simulasi-2026/share/simulasi-2026/hook/cmake_prefix_path.sh'
[0.556s] Level 1:colcon.colcon_core.environment:checking '/home/ridwan/alamak_gazebo/src/install/simulasi-2026/lib'
[0.557s] Level 1:colcon.colcon_core.environment:checking '/home/ridwan/alamak_gazebo/src/install/simulasi-2026/bin'
[0.557s] Level 1:colcon.colcon_core.environment:checking '/home/ridwan/alamak_gazebo/src/install/simulasi-2026/lib/pkgconfig/simulasi-2026.pc'
[0.557s] Level 1:colcon.colcon_core.environment:checking '/home/ridwan/alamak_gazebo/src/install/simulasi-2026/lib/python3.10/site-packages'
[0.558s] Level 1:colcon.colcon_core.environment:checking '/home/ridwan/alamak_gazebo/src/install/simulasi-2026/bin'
[0.558s] INFO:colcon.colcon_core.shell:Creating package script '/home/ridwan/alamak_gazebo/src/install/simulasi-2026/share/simulasi-2026/package.ps1'
[0.559s] INFO:colcon.colcon_core.shell:Creating package descriptor '/home/ridwan/alamak_gazebo/src/install/simulasi-2026/share/simulasi-2026/package.dsv'
[0.559s] INFO:colcon.colcon_core.shell:Creating package script '/home/ridwan/alamak_gazebo/src/install/simulasi-2026/share/simulasi-2026/package.sh'
[0.560s] INFO:colcon.colcon_core.shell:Creating package script '/home/ridwan/alamak_gazebo/src/install/simulasi-2026/share/simulasi-2026/package.bash'
[0.561s] INFO:colcon.colcon_core.shell:Creating package script '/home/ridwan/alamak_gazebo/src/install/simulasi-2026/share/simulasi-2026/package.zsh'
[0.562s] Level 1:colcon.colcon_core.environment:create_file_with_runtime_dependencies(/home/ridwan/alamak_gazebo/src/install/simulasi-2026/share/colcon-core/packages/simulasi-2026)
[0.563s] Level 1:colcon.colcon_core.environment:create_environment_scripts_only(simulasi-2026)
[0.563s] Level 1:colcon.colcon_core.environment:checking '/home/ridwan/alamak_gazebo/src/install/simulasi-2026' for CMake module files
[0.564s] Level 1:colcon.colcon_core.environment:checking '/home/ridwan/alamak_gazebo/src/install/simulasi-2026' for CMake config files
[0.564s] Level 1:colcon.colcon_core.shell:create_environment_hook('simulasi-2026', 'cmake_prefix_path')
[0.564s] INFO:colcon.colcon_core.shell:Creating environment hook '/home/ridwan/alamak_gazebo/src/install/simulasi-2026/share/simulasi-2026/hook/cmake_prefix_path.ps1'
[0.565s] INFO:colcon.colcon_core.shell:Creating environment descriptor '/home/ridwan/alamak_gazebo/src/install/simulasi-2026/share/simulasi-2026/hook/cmake_prefix_path.dsv'
[0.566s] INFO:colcon.colcon_core.shell:Creating environment hook '/home/ridwan/alamak_gazebo/src/install/simulasi-2026/share/simulasi-2026/hook/cmake_prefix_path.sh'
[0.567s] Level 1:colcon.colcon_core.environment:checking '/home/ridwan/alamak_gazebo/src/install/simulasi-2026/lib'
[0.567s] Level 1:colcon.colcon_core.environment:checking '/home/ridwan/alamak_gazebo/src/install/simulasi-2026/bin'
[0.567s] Level 1:colcon.colcon_core.environment:checking '/home/ridwan/alamak_gazebo/src/install/simulasi-2026/lib/pkgconfig/simulasi-2026.pc'
[0.567s] Level 1:colcon.colcon_core.environment:checking '/home/ridwan/alamak_gazebo/src/install/simulasi-2026/lib/python3.10/site-packages'
[0.567s] Level 1:colcon.colcon_core.environment:checking '/home/ridwan/alamak_gazebo/src/install/simulasi-2026/bin'
[0.568s] INFO:colcon.colcon_core.shell:Creating package script '/home/ridwan/alamak_gazebo/src/install/simulasi-2026/share/simulasi-2026/package.ps1'
[0.569s] INFO:colcon.colcon_core.shell:Creating package descriptor '/home/ridwan/alamak_gazebo/src/install/simulasi-2026/share/simulasi-2026/package.dsv'
[0.569s] INFO:colcon.colcon_core.shell:Creating package script '/home/ridwan/alamak_gazebo/src/install/simulasi-2026/share/simulasi-2026/package.sh'
[0.571s] INFO:colcon.colcon_core.shell:Creating package script '/home/ridwan/alamak_gazebo/src/install/simulasi-2026/share/simulasi-2026/package.bash'
[0.571s] INFO:colcon.colcon_core.shell:Creating package script '/home/ridwan/alamak_gazebo/src/install/simulasi-2026/share/simulasi-2026/package.zsh'
[0.572s] Level 1:colcon.colcon_core.environment:create_file_with_runtime_dependencies(/home/ridwan/alamak_gazebo/src/install/simulasi-2026/share/colcon-core/packages/simulasi-2026)
[0.572s] DEBUG:colcon.colcon_parallel_executor.executor.parallel:closing loop
[0.573s] DEBUG:colcon.colcon_parallel_executor.executor.parallel:loop closed
[0.573s] DEBUG:colcon.colcon_parallel_executor.executor.parallel:run_until_complete finished with '0'
[0.573s] DEBUG:colcon.colcon_core.event_reactor:joining thread
[0.580s] INFO:colcon.colcon_core.plugin_system:Skipping extension 'colcon_notification.desktop_notification.terminal_notifier': Not used on non-Darwin systems
[0.580s] INFO:colcon.colcon_core.plugin_system:Skipping extension 'colcon_notification.desktop_notification.win32': Not used on non-Windows systems
[0.580s] INFO:colcon.colcon_notification.desktop_notification:Sending desktop notification using 'notify2'
[0.600s] DEBUG:colcon.colcon_core.event_reactor:joined thread
[0.601s] INFO:colcon.colcon_core.shell:Creating prefix script '/home/ridwan/alamak_gazebo/src/install/local_setup.ps1'
[0.603s] INFO:colcon.colcon_core.shell:Creating prefix util module '/home/ridwan/alamak_gazebo/src/install/_local_setup_util_ps1.py'
[0.606s] INFO:colcon.colcon_core.shell:Creating prefix chain script '/home/ridwan/alamak_gazebo/src/install/setup.ps1'
[0.608s] INFO:colcon.colcon_core.shell:Creating prefix script '/home/ridwan/alamak_gazebo/src/install/local_setup.sh'
[0.610s] INFO:colcon.colcon_core.shell:Creating prefix util module '/home/ridwan/alamak_gazebo/src/install/_local_setup_util_sh.py'
[0.611s] INFO:colcon.colcon_core.shell:Creating prefix chain script '/home/ridwan/alamak_gazebo/src/install/setup.sh'
[0.613s] INFO:colcon.colcon_core.shell:Creating prefix script '/home/ridwan/alamak_gazebo/src/install/local_setup.bash'
[0.614s] INFO:colcon.colcon_core.shell:Creating prefix chain script '/home/ridwan/alamak_gazebo/src/install/setup.bash'
[0.615s] INFO:colcon.colcon_core.shell:Creating prefix script '/home/ridwan/alamak_gazebo/src/install/local_setup.zsh'
[0.616s] INFO:colcon.colcon_core.shell:Creating prefix chain script '/home/ridwan/alamak_gazebo/src/install/setup.zsh'
