-- Install configuration: ""
-- Up-to-date: /home/ridwan/alamak_gazebo/src/install/simulasi-2026/share/simulasi-2026/launch
-- Up-to-date: /home/ridwan/alamak_gazebo/src/install/simulasi-2026/share/simulasi-2026/launch/__pycache__
-- Up-to-date: /home/ridwan/alamak_gazebo/src/install/simulasi-2026/share/simulasi-2026/launch/__pycache__/display.launch.cpython-310.pyc
-- Up-to-date: /home/ridwan/alamak_gazebo/src/install/simulasi-2026/share/simulasi-2026/launch/display.launch.py
-- Up-to-date: /home/ridwan/alamak_gazebo/src/install/simulasi-2026/share/simulasi-2026/launch/slam_online.launch.py
-- Up-to-date: /home/ridwan/alamak_gazebo/src/install/simulasi-2026/share/simulasi-2026/rviz
-- Up-to-date: /home/ridwan/alamak_gazebo/src/install/simulasi-2026/share/simulasi-2026/rviz/navigation.rviz
-- Up-to-date: /home/ridwan/alamak_gazebo/src/install/simulasi-2026/share/simulasi-2026/rviz/urdf_config.rviz
-- Up-to-date: /home/ridwan/alamak_gazebo/src/install/simulasi-2026/share/simulasi-2026/config
-- Up-to-date: /home/ridwan/alamak_gazebo/src/install/simulasi-2026/share/simulasi-2026/config/nav2_params.yaml
-- Up-to-date: /home/ridwan/alamak_gazebo/src/install/simulasi-2026/share/simulasi-2026/config/localization
-- Up-to-date: /home/ridwan/alamak_gazebo/src/install/simulasi-2026/share/simulasi-2026/config/localization/ekf.yaml
-- Up-to-date: /home/ridwan/alamak_gazebo/src/install/simulasi-2026/share/simulasi-2026/config/localization/online_async_slam.yaml
-- Up-to-date: /home/ridwan/alamak_gazebo/src/install/simulasi-2026/share/simulasi-2026/config/ps4_teleop.yaml
-- Up-to-date: /home/ridwan/alamak_gazebo/src/install/simulasi-2026/share/simulasi-2026/worlds
-- Up-to-date: /home/ridwan/alamak_gazebo/src/install/simulasi-2026/share/simulasi-2026/worlds/my_world.sdf
-- Up-to-date: /home/ridwan/alamak_gazebo/src/install/simulasi-2026/share/simulasi-2026/models
-- Up-to-date: /home/ridwan/alamak_gazebo/src/install/simulasi-2026/share/simulasi-2026/models/lapangan
-- Up-to-date: /home/ridwan/alamak_gazebo/src/install/simulasi-2026/share/simulasi-2026/models/lapangan/meshes
-- Up-to-date: /home/ridwan/alamak_gazebo/src/install/simulasi-2026/share/simulasi-2026/models/lapangan/meshes/lapangan.stl
-- Up-to-date: /home/ridwan/alamak_gazebo/src/install/simulasi-2026/share/simulasi-2026/models/lapangan/meshes/lapangan.dae
-- Up-to-date: /home/ridwan/alamak_gazebo/src/install/simulasi-2026/share/simulasi-2026/models/lapangan/model.config
-- Up-to-date: /home/ridwan/alamak_gazebo/src/install/simulasi-2026/share/simulasi-2026/models/lapangan/lapangan.sdf
-- Up-to-date: /home/ridwan/alamak_gazebo/src/install/simulasi-2026/share/simulasi-2026/description
-- Up-to-date: /home/ridwan/alamak_gazebo/src/install/simulasi-2026/share/simulasi-2026/description/diff_drive_description.urdf.xacro
-- Up-to-date: /home/ridwan/alamak_gazebo/src/install/simulasi-2026/share/simulasi-2026/maps
-- Up-to-date: /home/ridwan/alamak_gazebo/src/install/simulasi-2026/share/simulasi-2026/maps/mapkuh.pgm
-- Up-to-date: /home/ridwan/alamak_gazebo/src/install/simulasi-2026/share/simulasi-2026/maps/mapku.posegraph
-- Up-to-date: /home/ridwan/alamak_gazebo/src/install/simulasi-2026/share/simulasi-2026/maps/mapkuh.yaml
-- Up-to-date: /home/ridwan/alamak_gazebo/src/install/simulasi-2026/share/simulasi-2026/maps/mapku.data
-- Up-to-date: /home/ridwan/alamak_gazebo/src/install/simulasi-2026/lib/simulasi-2026/respawn_entity.py
-- Up-to-date: /home/ridwan/alamak_gazebo/src/install/simulasi-2026/share/simulasi-2026/environment/simulasi-2026.dsv
-- Up-to-date: /home/ridwan/alamak_gazebo/src/install/simulasi-2026/share/simulasi-2026/environment/simulasi-2026.sh
-- Up-to-date: /home/ridwan/alamak_gazebo/src/install/simulasi-2026/share/ament_index/resource_index/package_run_dependencies/simulasi-2026
-- Up-to-date: /home/ridwan/alamak_gazebo/src/install/simulasi-2026/share/ament_index/resource_index/parent_prefix_path/simulasi-2026
-- Up-to-date: /home/ridwan/alamak_gazebo/src/install/simulasi-2026/share/simulasi-2026/environment/ament_prefix_path.sh
-- Up-to-date: /home/ridwan/alamak_gazebo/src/install/simulasi-2026/share/simulasi-2026/environment/ament_prefix_path.dsv
-- Up-to-date: /home/ridwan/alamak_gazebo/src/install/simulasi-2026/share/simulasi-2026/environment/path.sh
-- Up-to-date: /home/ridwan/alamak_gazebo/src/install/simulasi-2026/share/simulasi-2026/environment/path.dsv
-- Up-to-date: /home/ridwan/alamak_gazebo/src/install/simulasi-2026/share/simulasi-2026/local_setup.bash
-- Up-to-date: /home/ridwan/alamak_gazebo/src/install/simulasi-2026/share/simulasi-2026/local_setup.sh
-- Up-to-date: /home/ridwan/alamak_gazebo/src/install/simulasi-2026/share/simulasi-2026/local_setup.zsh
-- Up-to-date: /home/ridwan/alamak_gazebo/src/install/simulasi-2026/share/simulasi-2026/local_setup.dsv
-- Installing: /home/ridwan/alamak_gazebo/src/install/simulasi-2026/share/simulasi-2026/package.dsv
-- Up-to-date: /home/ridwan/alamak_gazebo/src/install/simulasi-2026/share/ament_index/resource_index/packages/simulasi-2026
-- Up-to-date: /home/ridwan/alamak_gazebo/src/install/simulasi-2026/share/simulasi-2026/cmake/simulasi-2026Config.cmake
-- Up-to-date: /home/ridwan/alamak_gazebo/src/install/simulasi-2026/share/simulasi-2026/cmake/simulasi-2026Config-version.cmake
-- Up-to-date: /home/ridwan/alamak_gazebo/src/install/simulasi-2026/share/simulasi-2026/package.xml
