[0.115s] DEBUG:colcon:Command line arguments: ['/usr/bin/colcon', 'build']
[0.115s] DEBUG:colcon:Parsed command line arguments: Namespace(log_base=None, log_level=None, verb_name='build', build_base='build', install_base='install', merge_install=False, symlink_install=False, test_result_base=None, continue_on_error=False, executor='parallel', parallel_workers=12, event_handlers=None, ignore_user_meta=False, metas=['./colcon.meta'], base_paths=['.'], packages_ignore=None, packages_ignore_regex=None, paths=None, packages_up_to=None, packages_up_to_regex=None, packages_above=None, packages_above_and_dependencies=None, packages_above_depth=None, packages_select_by_dep=None, packages_skip_by_dep=None, packages_skip_up_to=None, packages_select_build_failed=False, packages_skip_build_finished=False, packages_select_test_failures=False, packages_skip_test_passed=False, packages_select=None, packages_skip=None, packages_select_regex=None, packages_skip_regex=None, packages_start=None, packages_end=None, allow_overriding=[], cmake_args=None, cmake_target=None, cmake_target_skip_unavailable=False, cmake_clean_cache=False, cmake_clean_first=False, cmake_force_configure=False, ament_cmake_args=None, catkin_cmake_args=None, catkin_skip_building_tests=False, verb_parser=<colcon_defaults.argument_parser.defaults.DefaultArgumentsDecorator object at 0x7822c9dffe20>, verb_extension=<colcon_core.verb.build.BuildVerb object at 0x7822c9dff9d0>, main=<bound method BuildVerb.main of <colcon_core.verb.build.BuildVerb object at 0x7822c9dff9d0>>)
[0.275s] Level 1:colcon.colcon_core.package_discovery:discover_packages(colcon_meta) check parameters
[0.275s] Level 1:colcon.colcon_core.package_discovery:discover_packages(recursive) check parameters
[0.275s] Level 1:colcon.colcon_core.package_discovery:discover_packages(ignore) check parameters
[0.275s] Level 1:colcon.colcon_core.package_discovery:discover_packages(path) check parameters
[0.276s] Level 1:colcon.colcon_core.package_discovery:discover_packages(colcon_meta) discover
[0.276s] Level 1:colcon.colcon_core.package_discovery:discover_packages(recursive) discover
[0.276s] INFO:colcon.colcon_core.package_discovery:Crawling recursively for packages in '/home/ridwan/alamak_gazebo'
[0.276s] Level 1:colcon.colcon_core.package_identification:_identify(.) by extensions ['ignore', 'ignore_ament_install']
[0.276s] Level 1:colcon.colcon_core.package_identification:_identify(.) by extension 'ignore'
[0.276s] Level 1:colcon.colcon_core.package_identification:_identify(.) by extension 'ignore_ament_install'
[0.276s] Level 1:colcon.colcon_core.package_identification:_identify(.) by extensions ['colcon_pkg']
[0.276s] Level 1:colcon.colcon_core.package_identification:_identify(.) by extension 'colcon_pkg'
[0.276s] Level 1:colcon.colcon_core.package_identification:_identify(.) by extensions ['colcon_meta']
[0.276s] Level 1:colcon.colcon_core.package_identification:_identify(.) by extension 'colcon_meta'
[0.276s] Level 1:colcon.colcon_core.package_identification:_identify(.) by extensions ['ros']
[0.276s] Level 1:colcon.colcon_core.package_identification:_identify(.) by extension 'ros'
[0.290s] Level 1:colcon.colcon_core.package_identification:_identify(.) by extensions ['cmake', 'python']
[0.290s] Level 1:colcon.colcon_core.package_identification:_identify(.) by extension 'cmake'
[0.290s] Level 1:colcon.colcon_core.package_identification:_identify(.) by extension 'python'
[0.290s] Level 1:colcon.colcon_core.package_identification:_identify(.) by extensions ['python_setup_py']
[0.290s] Level 1:colcon.colcon_core.package_identification:_identify(.) by extension 'python_setup_py'
[0.290s] Level 1:colcon.colcon_core.package_identification:_identify(Note) by extensions ['ignore', 'ignore_ament_install']
[0.291s] Level 1:colcon.colcon_core.package_identification:_identify(Note) by extension 'ignore'
[0.291s] Level 1:colcon.colcon_core.package_identification:_identify(Note) by extension 'ignore_ament_install'
[0.291s] Level 1:colcon.colcon_core.package_identification:_identify(Note) by extensions ['colcon_pkg']
[0.291s] Level 1:colcon.colcon_core.package_identification:_identify(Note) by extension 'colcon_pkg'
[0.291s] Level 1:colcon.colcon_core.package_identification:_identify(Note) by extensions ['colcon_meta']
[0.291s] Level 1:colcon.colcon_core.package_identification:_identify(Note) by extension 'colcon_meta'
[0.291s] Level 1:colcon.colcon_core.package_identification:_identify(Note) by extensions ['ros']
[0.291s] Level 1:colcon.colcon_core.package_identification:_identify(Note) by extension 'ros'
[0.291s] Level 1:colcon.colcon_core.package_identification:_identify(Note) by extensions ['cmake', 'python']
[0.291s] Level 1:colcon.colcon_core.package_identification:_identify(Note) by extension 'cmake'
[0.291s] Level 1:colcon.colcon_core.package_identification:_identify(Note) by extension 'python'
[0.291s] Level 1:colcon.colcon_core.package_identification:_identify(Note) by extensions ['python_setup_py']
[0.291s] Level 1:colcon.colcon_core.package_identification:_identify(Note) by extension 'python_setup_py'
[0.291s] Level 1:colcon.colcon_core.package_identification:_identify(build) by extensions ['ignore', 'ignore_ament_install']
[0.292s] Level 1:colcon.colcon_core.package_identification:_identify(build) by extension 'ignore'
[0.292s] Level 1:colcon.colcon_core.package_identification:_identify(build) ignored
[0.292s] Level 1:colcon.colcon_core.package_identification:_identify(install) by extensions ['ignore', 'ignore_ament_install']
[0.292s] Level 1:colcon.colcon_core.package_identification:_identify(install) by extension 'ignore'
[0.292s] Level 1:colcon.colcon_core.package_identification:_identify(install) ignored
[0.292s] Level 1:colcon.colcon_core.package_identification:_identify(log) by extensions ['ignore', 'ignore_ament_install']
[0.292s] Level 1:colcon.colcon_core.package_identification:_identify(log) by extension 'ignore'
[0.292s] Level 1:colcon.colcon_core.package_identification:_identify(log) ignored
[0.292s] Level 1:colcon.colcon_core.package_identification:_identify(src) by extensions ['ignore', 'ignore_ament_install']
[0.292s] Level 1:colcon.colcon_core.package_identification:_identify(src) by extension 'ignore'
[0.292s] Level 1:colcon.colcon_core.package_identification:_identify(src) by extension 'ignore_ament_install'
[0.292s] Level 1:colcon.colcon_core.package_identification:_identify(src) by extensions ['colcon_pkg']
[0.292s] Level 1:colcon.colcon_core.package_identification:_identify(src) by extension 'colcon_pkg'
[0.292s] Level 1:colcon.colcon_core.package_identification:_identify(src) by extensions ['colcon_meta']
[0.292s] Level 1:colcon.colcon_core.package_identification:_identify(src) by extension 'colcon_meta'
[0.292s] Level 1:colcon.colcon_core.package_identification:_identify(src) by extensions ['ros']
[0.292s] Level 1:colcon.colcon_core.package_identification:_identify(src) by extension 'ros'
[0.293s] Level 1:colcon.colcon_core.package_identification:_identify(src) by extensions ['cmake', 'python']
[0.293s] Level 1:colcon.colcon_core.package_identification:_identify(src) by extension 'cmake'
[0.293s] Level 1:colcon.colcon_core.package_identification:_identify(src) by extension 'python'
[0.293s] Level 1:colcon.colcon_core.package_identification:_identify(src) by extensions ['python_setup_py']
[0.293s] Level 1:colcon.colcon_core.package_identification:_identify(src) by extension 'python_setup_py'
[0.293s] Level 1:colcon.colcon_core.package_identification:_identify(src/build) by extensions ['ignore', 'ignore_ament_install']
[0.293s] Level 1:colcon.colcon_core.package_identification:_identify(src/build) by extension 'ignore'
[0.293s] Level 1:colcon.colcon_core.package_identification:_identify(src/build) ignored
[0.293s] Level 1:colcon.colcon_core.package_identification:_identify(src/home) by extensions ['ignore', 'ignore_ament_install']
[0.293s] Level 1:colcon.colcon_core.package_identification:_identify(src/home) by extension 'ignore'
[0.293s] Level 1:colcon.colcon_core.package_identification:_identify(src/home) by extension 'ignore_ament_install'
[0.293s] Level 1:colcon.colcon_core.package_identification:_identify(src/home) by extensions ['colcon_pkg']
[0.293s] Level 1:colcon.colcon_core.package_identification:_identify(src/home) by extension 'colcon_pkg'
[0.293s] Level 1:colcon.colcon_core.package_identification:_identify(src/home) by extensions ['colcon_meta']
[0.293s] Level 1:colcon.colcon_core.package_identification:_identify(src/home) by extension 'colcon_meta'
[0.293s] Level 1:colcon.colcon_core.package_identification:_identify(src/home) by extensions ['ros']
[0.293s] Level 1:colcon.colcon_core.package_identification:_identify(src/home) by extension 'ros'
[0.293s] Level 1:colcon.colcon_core.package_identification:_identify(src/home) by extensions ['cmake', 'python']
[0.293s] Level 1:colcon.colcon_core.package_identification:_identify(src/home) by extension 'cmake'
[0.293s] Level 1:colcon.colcon_core.package_identification:_identify(src/home) by extension 'python'
[0.293s] Level 1:colcon.colcon_core.package_identification:_identify(src/home) by extensions ['python_setup_py']
[0.293s] Level 1:colcon.colcon_core.package_identification:_identify(src/home) by extension 'python_setup_py'
[0.293s] Level 1:colcon.colcon_core.package_identification:_identify(src/home/ridwan) by extensions ['ignore', 'ignore_ament_install']
[0.293s] Level 1:colcon.colcon_core.package_identification:_identify(src/home/ridwan) by extension 'ignore'
[0.293s] Level 1:colcon.colcon_core.package_identification:_identify(src/home/ridwan) by extension 'ignore_ament_install'
[0.294s] Level 1:colcon.colcon_core.package_identification:_identify(src/home/ridwan) by extensions ['colcon_pkg']
[0.294s] Level 1:colcon.colcon_core.package_identification:_identify(src/home/ridwan) by extension 'colcon_pkg'
[0.294s] Level 1:colcon.colcon_core.package_identification:_identify(src/home/ridwan) by extensions ['colcon_meta']
[0.294s] Level 1:colcon.colcon_core.package_identification:_identify(src/home/ridwan) by extension 'colcon_meta'
[0.294s] Level 1:colcon.colcon_core.package_identification:_identify(src/home/ridwan) by extensions ['ros']
[0.294s] Level 1:colcon.colcon_core.package_identification:_identify(src/home/ridwan) by extension 'ros'
[0.294s] Level 1:colcon.colcon_core.package_identification:_identify(src/home/ridwan) by extensions ['cmake', 'python']
[0.294s] Level 1:colcon.colcon_core.package_identification:_identify(src/home/ridwan) by extension 'cmake'
[0.294s] Level 1:colcon.colcon_core.package_identification:_identify(src/home/ridwan) by extension 'python'
[0.294s] Level 1:colcon.colcon_core.package_identification:_identify(src/home/ridwan) by extensions ['python_setup_py']
[0.294s] Level 1:colcon.colcon_core.package_identification:_identify(src/home/ridwan) by extension 'python_setup_py'
[0.294s] Level 1:colcon.colcon_core.package_identification:_identify(src/install) by extensions ['ignore', 'ignore_ament_install']
[0.294s] Level 1:colcon.colcon_core.package_identification:_identify(src/install) by extension 'ignore'
[0.294s] Level 1:colcon.colcon_core.package_identification:_identify(src/install) ignored
[0.294s] Level 1:colcon.colcon_core.package_identification:_identify(src/log) by extensions ['ignore', 'ignore_ament_install']
[0.294s] Level 1:colcon.colcon_core.package_identification:_identify(src/log) by extension 'ignore'
[0.294s] Level 1:colcon.colcon_core.package_identification:_identify(src/log) ignored
[0.294s] Level 1:colcon.colcon_core.package_identification:_identify(src/simulasi-2026) by extensions ['ignore', 'ignore_ament_install']
[0.294s] Level 1:colcon.colcon_core.package_identification:_identify(src/simulasi-2026) by extension 'ignore'
[0.294s] Level 1:colcon.colcon_core.package_identification:_identify(src/simulasi-2026) by extension 'ignore_ament_install'
[0.294s] Level 1:colcon.colcon_core.package_identification:_identify(src/simulasi-2026) by extensions ['colcon_pkg']
[0.294s] Level 1:colcon.colcon_core.package_identification:_identify(src/simulasi-2026) by extension 'colcon_pkg'
[0.294s] Level 1:colcon.colcon_core.package_identification:_identify(src/simulasi-2026) by extensions ['colcon_meta']
[0.294s] Level 1:colcon.colcon_core.package_identification:_identify(src/simulasi-2026) by extension 'colcon_meta'
[0.295s] Level 1:colcon.colcon_core.package_identification:_identify(src/simulasi-2026) by extensions ['ros']
[0.295s] Level 1:colcon.colcon_core.package_identification:_identify(src/simulasi-2026) by extension 'ros'
[0.297s] DEBUG:colcon.colcon_core.package_identification:Package 'src/simulasi-2026' with type 'ros.ament_cmake' and name 'simulasi-2026'
[0.298s] Level 1:colcon.colcon_core.package_discovery:discover_packages(recursive) using defaults
[0.298s] Level 1:colcon.colcon_core.package_discovery:discover_packages(ignore) discover
[0.298s] Level 1:colcon.colcon_core.package_discovery:discover_packages(ignore) using defaults
[0.298s] Level 1:colcon.colcon_core.package_discovery:discover_packages(path) discover
[0.298s] Level 1:colcon.colcon_core.package_discovery:discover_packages(path) using defaults
[0.336s] Level 1:colcon.colcon_core.package_discovery:discover_packages(prefix_path) check parameters
[0.336s] Level 1:colcon.colcon_core.package_discovery:discover_packages(prefix_path) discover
[0.339s] DEBUG:colcon.colcon_installed_package_information.package_discovery:Found 340 installed packages in /opt/ros/humble
[0.341s] Level 1:colcon.colcon_core.package_discovery:discover_packages(prefix_path) using defaults
[0.381s] Level 5:colcon.colcon_core.verb:set package 'simulasi-2026' build argument 'cmake_args' from command line to 'None'
[0.381s] Level 5:colcon.colcon_core.verb:set package 'simulasi-2026' build argument 'cmake_target' from command line to 'None'
[0.381s] Level 5:colcon.colcon_core.verb:set package 'simulasi-2026' build argument 'cmake_target_skip_unavailable' from command line to 'False'
[0.381s] Level 5:colcon.colcon_core.verb:set package 'simulasi-2026' build argument 'cmake_clean_cache' from command line to 'False'
[0.381s] Level 5:colcon.colcon_core.verb:set package 'simulasi-2026' build argument 'cmake_clean_first' from command line to 'False'
[0.381s] Level 5:colcon.colcon_core.verb:set package 'simulasi-2026' build argument 'cmake_force_configure' from command line to 'False'
[0.381s] Level 5:colcon.colcon_core.verb:set package 'simulasi-2026' build argument 'ament_cmake_args' from command line to 'None'
[0.381s] Level 5:colcon.colcon_core.verb:set package 'simulasi-2026' build argument 'catkin_cmake_args' from command line to 'None'
[0.381s] Level 5:colcon.colcon_core.verb:set package 'simulasi-2026' build argument 'catkin_skip_building_tests' from command line to 'False'
[0.381s] DEBUG:colcon.colcon_core.verb:Building package 'simulasi-2026' with the following arguments: {'ament_cmake_args': None, 'build_base': '/home/ridwan/alamak_gazebo/build/simulasi-2026', 'catkin_cmake_args': None, 'catkin_skip_building_tests': False, 'cmake_args': None, 'cmake_clean_cache': False, 'cmake_clean_first': False, 'cmake_force_configure': False, 'cmake_target': None, 'cmake_target_skip_unavailable': False, 'install_base': '/home/ridwan/alamak_gazebo/install/simulasi-2026', 'merge_install': False, 'path': '/home/ridwan/alamak_gazebo/src/simulasi-2026', 'symlink_install': False, 'test_result_base': None}
[0.382s] INFO:colcon.colcon_core.executor:Executing jobs using 'parallel' executor
[0.383s] DEBUG:colcon.colcon_parallel_executor.executor.parallel:run_until_complete
[0.384s] INFO:colcon.colcon_ros.task.ament_cmake.build:Building ROS package in '/home/ridwan/alamak_gazebo/src/simulasi-2026' with build type 'ament_cmake'
[0.384s] INFO:colcon.colcon_cmake.task.cmake.build:Building CMake package in '/home/ridwan/alamak_gazebo/src/simulasi-2026'
[0.386s] INFO:colcon.colcon_core.plugin_system:Skipping extension 'colcon_core.shell.bat': Not used on non-Windows systems
[0.386s] INFO:colcon.colcon_core.shell:Skip shell extension 'powershell' for command environment: Not usable outside of PowerShell
[0.386s] DEBUG:colcon.colcon_core.shell:Skip shell extension 'dsv' for command environment
[0.400s] DEBUG:colcon.colcon_core.event_handler.log_command:Invoking command in '/home/ridwan/alamak_gazebo/build/simulasi-2026': CMAKE_PREFIX_PATH=/opt/ros/humble /usr/bin/cmake --build /home/ridwan/alamak_gazebo/build/simulasi-2026 -- -j12 -l12
[0.453s] DEBUG:colcon.colcon_core.event_handler.log_command:Invoked command in '/home/ridwan/alamak_gazebo/build/simulasi-2026' returned '0': CMAKE_PREFIX_PATH=/opt/ros/humble /usr/bin/cmake --build /home/ridwan/alamak_gazebo/build/simulasi-2026 -- -j12 -l12
[0.467s] DEBUG:colcon.colcon_core.event_handler.log_command:Invoking command in '/home/ridwan/alamak_gazebo/build/simulasi-2026': CMAKE_PREFIX_PATH=/opt/ros/humble /usr/bin/cmake --install /home/ridwan/alamak_gazebo/build/simulasi-2026
[0.483s] Level 1:colcon.colcon_core.environment:create_environment_scripts_only(simulasi-2026)
[0.484s] DEBUG:colcon.colcon_core.event_handler.log_command:Invoked command in '/home/ridwan/alamak_gazebo/build/simulasi-2026' returned '0': CMAKE_PREFIX_PATH=/opt/ros/humble /usr/bin/cmake --install /home/ridwan/alamak_gazebo/build/simulasi-2026
[0.487s] Level 1:colcon.colcon_core.environment:checking '/home/ridwan/alamak_gazebo/install/simulasi-2026' for CMake module files
[0.487s] Level 1:colcon.colcon_core.environment:checking '/home/ridwan/alamak_gazebo/install/simulasi-2026' for CMake config files
[0.488s] Level 1:colcon.colcon_core.shell:create_environment_hook('simulasi-2026', 'cmake_prefix_path')
[0.488s] INFO:colcon.colcon_core.shell:Creating environment hook '/home/ridwan/alamak_gazebo/install/simulasi-2026/share/simulasi-2026/hook/cmake_prefix_path.ps1'
[0.489s] INFO:colcon.colcon_core.shell:Creating environment descriptor '/home/ridwan/alamak_gazebo/install/simulasi-2026/share/simulasi-2026/hook/cmake_prefix_path.dsv'
[0.489s] INFO:colcon.colcon_core.shell:Creating environment hook '/home/ridwan/alamak_gazebo/install/simulasi-2026/share/simulasi-2026/hook/cmake_prefix_path.sh'
[0.491s] Level 1:colcon.colcon_core.environment:checking '/home/ridwan/alamak_gazebo/install/simulasi-2026/lib'
[0.491s] Level 1:colcon.colcon_core.environment:checking '/home/ridwan/alamak_gazebo/install/simulasi-2026/bin'
[0.491s] Level 1:colcon.colcon_core.environment:checking '/home/ridwan/alamak_gazebo/install/simulasi-2026/lib/pkgconfig/simulasi-2026.pc'
[0.492s] Level 1:colcon.colcon_core.environment:checking '/home/ridwan/alamak_gazebo/install/simulasi-2026/lib/python3.10/site-packages'
[0.492s] Level 1:colcon.colcon_core.environment:checking '/home/ridwan/alamak_gazebo/install/simulasi-2026/bin'
[0.493s] INFO:colcon.colcon_core.shell:Creating package script '/home/ridwan/alamak_gazebo/install/simulasi-2026/share/simulasi-2026/package.ps1'
[0.494s] INFO:colcon.colcon_core.shell:Creating package descriptor '/home/ridwan/alamak_gazebo/install/simulasi-2026/share/simulasi-2026/package.dsv'
[0.496s] INFO:colcon.colcon_core.shell:Creating package script '/home/ridwan/alamak_gazebo/install/simulasi-2026/share/simulasi-2026/package.sh'
[0.497s] INFO:colcon.colcon_core.shell:Creating package script '/home/ridwan/alamak_gazebo/install/simulasi-2026/share/simulasi-2026/package.bash'
[0.498s] INFO:colcon.colcon_core.shell:Creating package script '/home/ridwan/alamak_gazebo/install/simulasi-2026/share/simulasi-2026/package.zsh'
[0.499s] Level 1:colcon.colcon_core.environment:create_file_with_runtime_dependencies(/home/ridwan/alamak_gazebo/install/simulasi-2026/share/colcon-core/packages/simulasi-2026)
[0.500s] Level 1:colcon.colcon_core.environment:create_environment_scripts_only(simulasi-2026)
[0.500s] Level 1:colcon.colcon_core.environment:checking '/home/ridwan/alamak_gazebo/install/simulasi-2026' for CMake module files
[0.500s] Level 1:colcon.colcon_core.environment:checking '/home/ridwan/alamak_gazebo/install/simulasi-2026' for CMake config files
[0.501s] Level 1:colcon.colcon_core.shell:create_environment_hook('simulasi-2026', 'cmake_prefix_path')
[0.501s] INFO:colcon.colcon_core.shell:Creating environment hook '/home/ridwan/alamak_gazebo/install/simulasi-2026/share/simulasi-2026/hook/cmake_prefix_path.ps1'
[0.501s] INFO:colcon.colcon_core.shell:Creating environment descriptor '/home/ridwan/alamak_gazebo/install/simulasi-2026/share/simulasi-2026/hook/cmake_prefix_path.dsv'
[0.502s] INFO:colcon.colcon_core.shell:Creating environment hook '/home/ridwan/alamak_gazebo/install/simulasi-2026/share/simulasi-2026/hook/cmake_prefix_path.sh'
[0.503s] Level 1:colcon.colcon_core.environment:checking '/home/ridwan/alamak_gazebo/install/simulasi-2026/lib'
[0.503s] Level 1:colcon.colcon_core.environment:checking '/home/ridwan/alamak_gazebo/install/simulasi-2026/bin'
[0.503s] Level 1:colcon.colcon_core.environment:checking '/home/ridwan/alamak_gazebo/install/simulasi-2026/lib/pkgconfig/simulasi-2026.pc'
[0.503s] Level 1:colcon.colcon_core.environment:checking '/home/ridwan/alamak_gazebo/install/simulasi-2026/lib/python3.10/site-packages'
[0.504s] Level 1:colcon.colcon_core.environment:checking '/home/ridwan/alamak_gazebo/install/simulasi-2026/bin'
[0.504s] INFO:colcon.colcon_core.shell:Creating package script '/home/ridwan/alamak_gazebo/install/simulasi-2026/share/simulasi-2026/package.ps1'
[0.505s] INFO:colcon.colcon_core.shell:Creating package descriptor '/home/ridwan/alamak_gazebo/install/simulasi-2026/share/simulasi-2026/package.dsv'
[0.505s] INFO:colcon.colcon_core.shell:Creating package script '/home/ridwan/alamak_gazebo/install/simulasi-2026/share/simulasi-2026/package.sh'
[0.506s] INFO:colcon.colcon_core.shell:Creating package script '/home/ridwan/alamak_gazebo/install/simulasi-2026/share/simulasi-2026/package.bash'
[0.507s] INFO:colcon.colcon_core.shell:Creating package script '/home/ridwan/alamak_gazebo/install/simulasi-2026/share/simulasi-2026/package.zsh'
[0.507s] Level 1:colcon.colcon_core.environment:create_file_with_runtime_dependencies(/home/ridwan/alamak_gazebo/install/simulasi-2026/share/colcon-core/packages/simulasi-2026)
[0.508s] DEBUG:colcon.colcon_parallel_executor.executor.parallel:closing loop
[0.508s] DEBUG:colcon.colcon_parallel_executor.executor.parallel:loop closed
[0.509s] DEBUG:colcon.colcon_parallel_executor.executor.parallel:run_until_complete finished with '0'
[0.509s] DEBUG:colcon.colcon_core.event_reactor:joining thread
[0.518s] INFO:colcon.colcon_core.plugin_system:Skipping extension 'colcon_notification.desktop_notification.terminal_notifier': Not used on non-Darwin systems
[0.518s] INFO:colcon.colcon_core.plugin_system:Skipping extension 'colcon_notification.desktop_notification.win32': Not used on non-Windows systems
[0.518s] INFO:colcon.colcon_notification.desktop_notification:Sending desktop notification using 'notify2'
[0.535s] DEBUG:colcon.colcon_core.event_reactor:joined thread
[0.535s] INFO:colcon.colcon_core.shell:Creating prefix script '/home/ridwan/alamak_gazebo/install/local_setup.ps1'
[0.537s] INFO:colcon.colcon_core.shell:Creating prefix util module '/home/ridwan/alamak_gazebo/install/_local_setup_util_ps1.py'
[0.539s] INFO:colcon.colcon_core.shell:Creating prefix chain script '/home/ridwan/alamak_gazebo/install/setup.ps1'
[0.541s] INFO:colcon.colcon_core.shell:Creating prefix script '/home/ridwan/alamak_gazebo/install/local_setup.sh'
[0.543s] INFO:colcon.colcon_core.shell:Creating prefix util module '/home/ridwan/alamak_gazebo/install/_local_setup_util_sh.py'
[0.544s] INFO:colcon.colcon_core.shell:Creating prefix chain script '/home/ridwan/alamak_gazebo/install/setup.sh'
[0.545s] INFO:colcon.colcon_core.shell:Creating prefix script '/home/ridwan/alamak_gazebo/install/local_setup.bash'
[0.546s] INFO:colcon.colcon_core.shell:Creating prefix chain script '/home/ridwan/alamak_gazebo/install/setup.bash'
[0.547s] INFO:colcon.colcon_core.shell:Creating prefix script '/home/ridwan/alamak_gazebo/install/local_setup.zsh'
[0.548s] INFO:colcon.colcon_core.shell:Creating prefix chain script '/home/ridwan/alamak_gazebo/install/setup.zsh'
